<?xml version="1.0" encoding="UTF-8"?>
<testsuite xmlns:xsi="http://www.w3.org/2001/XMLSchema-instance" xsi:noNamespaceSchemaLocation="https://maven.apache.org/surefire/maven-surefire-plugin/xsd/surefire-test-report.xsd" name="com.blog.ReggieApplicationTests" time="5.216" tests="1" errors="0" skipped="0" failures="0">
  <properties>
    <property name="sun.desktop" value="windows"/>
    <property name="awt.toolkit" value="sun.awt.windows.WToolkit"/>
    <property name="java.specification.version" value="11"/>
    <property name="sun.cpu.isalist" value="amd64"/>
    <property name="sun.jnu.encoding" value="GBK"/>
    <property name="java.class.path" value="D:\workspace\reggie\target\test-classes;D:\workspace\reggie\target\classes;D:\Program Files (x86)\Java\apache-maven-3.6.3\repository\org\springframework\boot\spring-boot-starter-web\2.7.4\spring-boot-starter-web-2.7.4.jar;D:\Program Files (x86)\Java\apache-maven-3.6.3\repository\org\springframework\boot\spring-boot-starter\2.7.4\spring-boot-starter-2.7.4.jar;D:\Program Files (x86)\Java\apache-maven-3.6.3\repository\org\springframework\boot\spring-boot\2.7.4\spring-boot-2.7.4.jar;D:\Program Files (x86)\Java\apache-maven-3.6.3\repository\org\springframework\boot\spring-boot-starter-logging\2.7.4\spring-boot-starter-logging-2.7.4.jar;D:\Program Files (x86)\Java\apache-maven-3.6.3\repository\ch\qos\logback\logback-classic\1.2.11\logback-classic-1.2.11.jar;D:\Program Files (x86)\Java\apache-maven-3.6.3\repository\ch\qos\logback\logback-core\1.2.11\logback-core-1.2.11.jar;D:\Program Files (x86)\Java\apache-maven-3.6.3\repository\org\apache\logging\log4j\log4j-to-slf4j\2.17.2\log4j-to-slf4j-2.17.2.jar;D:\Program Files (x86)\Java\apache-maven-3.6.3\repository\org\apache\logging\log4j\log4j-api\2.17.2\log4j-api-2.17.2.jar;D:\Program Files (x86)\Java\apache-maven-3.6.3\repository\org\slf4j\jul-to-slf4j\1.7.36\jul-to-slf4j-1.7.36.jar;D:\Program Files (x86)\Java\apache-maven-3.6.3\repository\jakarta\annotation\jakarta.annotation-api\1.3.5\jakarta.annotation-api-1.3.5.jar;D:\Program Files (x86)\Java\apache-maven-3.6.3\repository\org\yaml\snakeyaml\1.30\snakeyaml-1.30.jar;D:\Program Files (x86)\Java\apache-maven-3.6.3\repository\org\springframework\boot\spring-boot-starter-json\2.7.4\spring-boot-starter-json-2.7.4.jar;D:\Program Files (x86)\Java\apache-maven-3.6.3\repository\com\fasterxml\jackson\core\jackson-databind\2.13.4\jackson-databind-2.13.4.jar;D:\Program Files (x86)\Java\apache-maven-3.6.3\repository\com\fasterxml\jackson\core\jackson-annotations\2.13.4\jackson-annotations-2.13.4.jar;D:\Program Files (x86)\Java\apache-maven-3.6.3\repository\com\fasterxml\jackson\core\jackson-core\2.13.4\jackson-core-2.13.4.jar;D:\Program Files (x86)\Java\apache-maven-3.6.3\repository\com\fasterxml\jackson\datatype\jackson-datatype-jdk8\2.13.4\jackson-datatype-jdk8-2.13.4.jar;D:\Program Files (x86)\Java\apache-maven-3.6.3\repository\com\fasterxml\jackson\datatype\jackson-datatype-jsr310\2.13.4\jackson-datatype-jsr310-2.13.4.jar;D:\Program Files (x86)\Java\apache-maven-3.6.3\repository\com\fasterxml\jackson\module\jackson-module-parameter-names\2.13.4\jackson-module-parameter-names-2.13.4.jar;D:\Program Files (x86)\Java\apache-maven-3.6.3\repository\org\springframework\boot\spring-boot-starter-tomcat\2.7.4\spring-boot-starter-tomcat-2.7.4.jar;D:\Program Files (x86)\Java\apache-maven-3.6.3\repository\org\apache\tomcat\embed\tomcat-embed-core\9.0.65\tomcat-embed-core-9.0.65.jar;D:\Program Files (x86)\Java\apache-maven-3.6.3\repository\org\apache\tomcat\embed\tomcat-embed-el\9.0.65\tomcat-embed-el-9.0.65.jar;D:\Program Files (x86)\Java\apache-maven-3.6.3\repository\org\apache\tomcat\embed\tomcat-embed-websocket\9.0.65\tomcat-embed-websocket-9.0.65.jar;D:\Program Files (x86)\Java\apache-maven-3.6.3\repository\org\springframework\spring-web\5.3.23\spring-web-5.3.23.jar;D:\Program Files (x86)\Java\apache-maven-3.6.3\repository\org\springframework\spring-beans\5.3.23\spring-beans-5.3.23.jar;D:\Program Files (x86)\Java\apache-maven-3.6.3\repository\org\springframework\spring-webmvc\5.3.23\spring-webmvc-5.3.23.jar;D:\Program Files (x86)\Java\apache-maven-3.6.3\repository\org\springframework\spring-aop\5.3.23\spring-aop-5.3.23.jar;D:\Program Files (x86)\Java\apache-maven-3.6.3\repository\org\springframework\spring-context\5.3.23\spring-context-5.3.23.jar;D:\Program Files (x86)\Java\apache-maven-3.6.3\repository\org\springframework\spring-expression\5.3.23\spring-expression-5.3.23.jar;D:\Program Files (x86)\Java\apache-maven-3.6.3\repository\org\mybatis\spring\boot\mybatis-spring-boot-starter\2.2.2\mybatis-spring-boot-starter-2.2.2.jar;D:\Program Files (x86)\Java\apache-maven-3.6.3\repository\org\springframework\boot\spring-boot-starter-jdbc\2.7.4\spring-boot-starter-jdbc-2.7.4.jar;D:\Program Files (x86)\Java\apache-maven-3.6.3\repository\com\zaxxer\HikariCP\4.0.3\HikariCP-4.0.3.jar;D:\Program Files (x86)\Java\apache-maven-3.6.3\repository\org\springframework\spring-jdbc\5.3.23\spring-jdbc-5.3.23.jar;D:\Program Files (x86)\Java\apache-maven-3.6.3\repository\org\springframework\spring-tx\5.3.23\spring-tx-5.3.23.jar;D:\Program Files (x86)\Java\apache-maven-3.6.3\repository\org\mybatis\spring\boot\mybatis-spring-boot-autoconfigure\2.2.2\mybatis-spring-boot-autoconfigure-2.2.2.jar;D:\Program Files (x86)\Java\apache-maven-3.6.3\repository\org\mybatis\mybatis\3.5.9\mybatis-3.5.9.jar;D:\Program Files (x86)\Java\apache-maven-3.6.3\repository\org\mybatis\mybatis-spring\2.0.7\mybatis-spring-2.0.7.jar;D:\Program Files (x86)\Java\apache-maven-3.6.3\repository\javax\activation\activation\1.1.1\activation-1.1.1.jar;D:\Program Files (x86)\Java\apache-maven-3.6.3\repository\javax\mail\mail\1.4.7\mail-1.4.7.jar;D:\Program Files (x86)\Java\apache-maven-3.6.3\repository\org\apache\commons\commons-email\1.4\commons-email-1.4.jar;D:\Program Files (x86)\Java\apache-maven-3.6.3\repository\com\sun\mail\javax.mail\1.5.2\javax.mail-1.5.2.jar;D:\Program Files (x86)\Java\apache-maven-3.6.3\repository\mysql\mysql-connector-java\8.0.30\mysql-connector-java-8.0.30.jar;D:\Program Files (x86)\Java\apache-maven-3.6.3\repository\org\springframework\boot\spring-boot-starter-test\2.7.4\spring-boot-starter-test-2.7.4.jar;D:\Program Files (x86)\Java\apache-maven-3.6.3\repository\org\springframework\boot\spring-boot-test\2.7.4\spring-boot-test-2.7.4.jar;D:\Program Files (x86)\Java\apache-maven-3.6.3\repository\org\springframework\boot\spring-boot-test-autoconfigure\2.7.4\spring-boot-test-autoconfigure-2.7.4.jar;D:\Program Files (x86)\Java\apache-maven-3.6.3\repository\com\jayway\jsonpath\json-path\2.7.0\json-path-2.7.0.jar;D:\Program Files (x86)\Java\apache-maven-3.6.3\repository\net\minidev\json-smart\2.4.8\json-smart-2.4.8.jar;D:\Program Files (x86)\Java\apache-maven-3.6.3\repository\net\minidev\accessors-smart\2.4.8\accessors-smart-2.4.8.jar;D:\Program Files (x86)\Java\apache-maven-3.6.3\repository\org\ow2\asm\asm\9.1\asm-9.1.jar;D:\Program Files (x86)\Java\apache-maven-3.6.3\repository\org\slf4j\slf4j-api\1.7.36\slf4j-api-1.7.36.jar;D:\Program Files (x86)\Java\apache-maven-3.6.3\repository\jakarta\xml\bind\jakarta.xml.bind-api\2.3.3\jakarta.xml.bind-api-2.3.3.jar;D:\Program Files (x86)\Java\apache-maven-3.6.3\repository\jakarta\activation\jakarta.activation-api\1.2.2\jakarta.activation-api-1.2.2.jar;D:\Program Files (x86)\Java\apache-maven-3.6.3\repository\org\assertj\assertj-core\3.22.0\assertj-core-3.22.0.jar;D:\Program Files (x86)\Java\apache-maven-3.6.3\repository\org\hamcrest\hamcrest\2.2\hamcrest-2.2.jar;D:\Program Files (x86)\Java\apache-maven-3.6.3\repository\org\junit\jupiter\junit-jupiter\5.8.2\junit-jupiter-5.8.2.jar;D:\Program Files (x86)\Java\apache-maven-3.6.3\repository\org\junit\jupiter\junit-jupiter-api\5.8.2\junit-jupiter-api-5.8.2.jar;D:\Program Files (x86)\Java\apache-maven-3.6.3\repository\org\opentest4j\opentest4j\1.2.0\opentest4j-1.2.0.jar;D:\Program Files (x86)\Java\apache-maven-3.6.3\repository\org\junit\platform\junit-platform-commons\1.8.2\junit-platform-commons-1.8.2.jar;D:\Program Files (x86)\Java\apache-maven-3.6.3\repository\org\apiguardian\apiguardian-api\1.1.2\apiguardian-api-1.1.2.jar;D:\Program Files (x86)\Java\apache-maven-3.6.3\repository\org\junit\jupiter\junit-jupiter-params\5.8.2\junit-jupiter-params-5.8.2.jar;D:\Program Files (x86)\Java\apache-maven-3.6.3\repository\org\junit\jupiter\junit-jupiter-engine\5.8.2\junit-jupiter-engine-5.8.2.jar;D:\Program Files (x86)\Java\apache-maven-3.6.3\repository\org\junit\platform\junit-platform-engine\1.8.2\junit-platform-engine-1.8.2.jar;D:\Program Files (x86)\Java\apache-maven-3.6.3\repository\org\mockito\mockito-core\4.5.1\mockito-core-4.5.1.jar;D:\Program Files (x86)\Java\apache-maven-3.6.3\repository\net\bytebuddy\byte-buddy\1.12.17\byte-buddy-1.12.17.jar;D:\Program Files (x86)\Java\apache-maven-3.6.3\repository\net\bytebuddy\byte-buddy-agent\1.12.17\byte-buddy-agent-1.12.17.jar;D:\Program Files (x86)\Java\apache-maven-3.6.3\repository\org\objenesis\objenesis\3.2\objenesis-3.2.jar;D:\Program Files (x86)\Java\apache-maven-3.6.3\repository\org\mockito\mockito-junit-jupiter\4.5.1\mockito-junit-jupiter-4.5.1.jar;D:\Program Files (x86)\Java\apache-maven-3.6.3\repository\org\skyscreamer\jsonassert\1.5.1\jsonassert-1.5.1.jar;D:\Program Files (x86)\Java\apache-maven-3.6.3\repository\com\vaadin\external\google\android-json\0.0.20131108.vaadin1\android-json-0.0.20131108.vaadin1.jar;D:\Program Files (x86)\Java\apache-maven-3.6.3\repository\org\springframework\spring-core\5.3.23\spring-core-5.3.23.jar;D:\Program Files (x86)\Java\apache-maven-3.6.3\repository\org\springframework\spring-jcl\5.3.23\spring-jcl-5.3.23.jar;D:\Program Files (x86)\Java\apache-maven-3.6.3\repository\org\springframework\spring-test\5.3.23\spring-test-5.3.23.jar;D:\Program Files (x86)\Java\apache-maven-3.6.3\repository\org\xmlunit\xmlunit-core\2.9.0\xmlunit-core-2.9.0.jar;D:\Program Files (x86)\Java\apache-maven-3.6.3\repository\com\alibaba\druid\1.1.16\druid-1.1.16.jar;D:\Program Files (x86)\Java\apache-maven-3.6.3\repository\com\baomidou\mybatis-plus-boot-starter\3.4.1\mybatis-plus-boot-starter-3.4.1.jar;D:\Program Files (x86)\Java\apache-maven-3.6.3\repository\com\baomidou\mybatis-plus\3.4.1\mybatis-plus-3.4.1.jar;D:\Program Files (x86)\Java\apache-maven-3.6.3\repository\com\baomidou\mybatis-plus-extension\3.4.1\mybatis-plus-extension-3.4.1.jar;D:\Program Files (x86)\Java\apache-maven-3.6.3\repository\com\baomidou\mybatis-plus-core\3.4.1\mybatis-plus-core-3.4.1.jar;D:\Program Files (x86)\Java\apache-maven-3.6.3\repository\com\baomidou\mybatis-plus-annotation\3.4.1\mybatis-plus-annotation-3.4.1.jar;D:\Program Files (x86)\Java\apache-maven-3.6.3\repository\com\github\jsqlparser\jsqlparser\3.2\jsqlparser-3.2.jar;D:\Program Files (x86)\Java\apache-maven-3.6.3\repository\org\springframework\boot\spring-boot-autoconfigure\2.7.4\spring-boot-autoconfigure-2.7.4.jar;D:\Program Files (x86)\Java\apache-maven-3.6.3\repository\org\projectlombok\lombok\1.18.24\lombok-1.18.24.jar;D:\Program Files (x86)\Java\apache-maven-3.6.3\repository\com\alibaba\fastjson\1.2.62\fastjson-1.2.62.jar;"/>
    <property name="java.vm.vendor" value="Oracle Corporation"/>
    <property name="sun.arch.data.model" value="64"/>
    <property name="user.variant" value=""/>
    <property name="java.vendor.url" value="http://java.oracle.com/"/>
    <property name="user.timezone" value="Asia/Shanghai"/>
    <property name="java.vm.specification.version" value="11"/>
    <property name="os.name" value="Windows 10"/>
    <property name="sun.java.launcher" value="SUN_STANDARD"/>
    <property name="user.country" value="CN"/>
    <property name="sun.boot.library.path" value="D:\Program Files (x86)\Java\jdk-11.0.2\bin"/>
    <property name="sun.java.command" value="C:\Users\Charles\AppData\Local\Temp\surefire745543214861284216\surefirebooter3265419859545944601.jar C:\Users\Charles\AppData\Local\Temp\surefire745543214861284216 2022-12-15T22-48-08_364-jvmRun1 surefire13845455217145283099tmp surefire_015640528410575444673tmp"/>
    <property name="jdk.debug" value="release"/>
    <property name="surefire.test.class.path" value="D:\workspace\reggie\target\test-classes;D:\workspace\reggie\target\classes;D:\Program Files (x86)\Java\apache-maven-3.6.3\repository\org\springframework\boot\spring-boot-starter-web\2.7.4\spring-boot-starter-web-2.7.4.jar;D:\Program Files (x86)\Java\apache-maven-3.6.3\repository\org\springframework\boot\spring-boot-starter\2.7.4\spring-boot-starter-2.7.4.jar;D:\Program Files (x86)\Java\apache-maven-3.6.3\repository\org\springframework\boot\spring-boot\2.7.4\spring-boot-2.7.4.jar;D:\Program Files (x86)\Java\apache-maven-3.6.3\repository\org\springframework\boot\spring-boot-starter-logging\2.7.4\spring-boot-starter-logging-2.7.4.jar;D:\Program Files (x86)\Java\apache-maven-3.6.3\repository\ch\qos\logback\logback-classic\1.2.11\logback-classic-1.2.11.jar;D:\Program Files (x86)\Java\apache-maven-3.6.3\repository\ch\qos\logback\logback-core\1.2.11\logback-core-1.2.11.jar;D:\Program Files (x86)\Java\apache-maven-3.6.3\repository\org\apache\logging\log4j\log4j-to-slf4j\2.17.2\log4j-to-slf4j-2.17.2.jar;D:\Program Files (x86)\Java\apache-maven-3.6.3\repository\org\apache\logging\log4j\log4j-api\2.17.2\log4j-api-2.17.2.jar;D:\Program Files (x86)\Java\apache-maven-3.6.3\repository\org\slf4j\jul-to-slf4j\1.7.36\jul-to-slf4j-1.7.36.jar;D:\Program Files (x86)\Java\apache-maven-3.6.3\repository\jakarta\annotation\jakarta.annotation-api\1.3.5\jakarta.annotation-api-1.3.5.jar;D:\Program Files (x86)\Java\apache-maven-3.6.3\repository\org\yaml\snakeyaml\1.30\snakeyaml-1.30.jar;D:\Program Files (x86)\Java\apache-maven-3.6.3\repository\org\springframework\boot\spring-boot-starter-json\2.7.4\spring-boot-starter-json-2.7.4.jar;D:\Program Files (x86)\Java\apache-maven-3.6.3\repository\com\fasterxml\jackson\core\jackson-databind\2.13.4\jackson-databind-2.13.4.jar;D:\Program Files (x86)\Java\apache-maven-3.6.3\repository\com\fasterxml\jackson\core\jackson-annotations\2.13.4\jackson-annotations-2.13.4.jar;D:\Program Files (x86)\Java\apache-maven-3.6.3\repository\com\fasterxml\jackson\core\jackson-core\2.13.4\jackson-core-2.13.4.jar;D:\Program Files (x86)\Java\apache-maven-3.6.3\repository\com\fasterxml\jackson\datatype\jackson-datatype-jdk8\2.13.4\jackson-datatype-jdk8-2.13.4.jar;D:\Program Files (x86)\Java\apache-maven-3.6.3\repository\com\fasterxml\jackson\datatype\jackson-datatype-jsr310\2.13.4\jackson-datatype-jsr310-2.13.4.jar;D:\Program Files (x86)\Java\apache-maven-3.6.3\repository\com\fasterxml\jackson\module\jackson-module-parameter-names\2.13.4\jackson-module-parameter-names-2.13.4.jar;D:\Program Files (x86)\Java\apache-maven-3.6.3\repository\org\springframework\boot\spring-boot-starter-tomcat\2.7.4\spring-boot-starter-tomcat-2.7.4.jar;D:\Program Files (x86)\Java\apache-maven-3.6.3\repository\org\apache\tomcat\embed\tomcat-embed-core\9.0.65\tomcat-embed-core-9.0.65.jar;D:\Program Files (x86)\Java\apache-maven-3.6.3\repository\org\apache\tomcat\embed\tomcat-embed-el\9.0.65\tomcat-embed-el-9.0.65.jar;D:\Program Files (x86)\Java\apache-maven-3.6.3\repository\org\apache\tomcat\embed\tomcat-embed-websocket\9.0.65\tomcat-embed-websocket-9.0.65.jar;D:\Program Files (x86)\Java\apache-maven-3.6.3\repository\org\springframework\spring-web\5.3.23\spring-web-5.3.23.jar;D:\Program Files (x86)\Java\apache-maven-3.6.3\repository\org\springframework\spring-beans\5.3.23\spring-beans-5.3.23.jar;D:\Program Files (x86)\Java\apache-maven-3.6.3\repository\org\springframework\spring-webmvc\5.3.23\spring-webmvc-5.3.23.jar;D:\Program Files (x86)\Java\apache-maven-3.6.3\repository\org\springframework\spring-aop\5.3.23\spring-aop-5.3.23.jar;D:\Program Files (x86)\Java\apache-maven-3.6.3\repository\org\springframework\spring-context\5.3.23\spring-context-5.3.23.jar;D:\Program Files (x86)\Java\apache-maven-3.6.3\repository\org\springframework\spring-expression\5.3.23\spring-expression-5.3.23.jar;D:\Program Files (x86)\Java\apache-maven-3.6.3\repository\org\mybatis\spring\boot\mybatis-spring-boot-starter\2.2.2\mybatis-spring-boot-starter-2.2.2.jar;D:\Program Files (x86)\Java\apache-maven-3.6.3\repository\org\springframework\boot\spring-boot-starter-jdbc\2.7.4\spring-boot-starter-jdbc-2.7.4.jar;D:\Program Files (x86)\Java\apache-maven-3.6.3\repository\com\zaxxer\HikariCP\4.0.3\HikariCP-4.0.3.jar;D:\Program Files (x86)\Java\apache-maven-3.6.3\repository\org\springframework\spring-jdbc\5.3.23\spring-jdbc-5.3.23.jar;D:\Program Files (x86)\Java\apache-maven-3.6.3\repository\org\springframework\spring-tx\5.3.23\spring-tx-5.3.23.jar;D:\Program Files (x86)\Java\apache-maven-3.6.3\repository\org\mybatis\spring\boot\mybatis-spring-boot-autoconfigure\2.2.2\mybatis-spring-boot-autoconfigure-2.2.2.jar;D:\Program Files (x86)\Java\apache-maven-3.6.3\repository\org\mybatis\mybatis\3.5.9\mybatis-3.5.9.jar;D:\Program Files (x86)\Java\apache-maven-3.6.3\repository\org\mybatis\mybatis-spring\2.0.7\mybatis-spring-2.0.7.jar;D:\Program Files (x86)\Java\apache-maven-3.6.3\repository\javax\activation\activation\1.1.1\activation-1.1.1.jar;D:\Program Files (x86)\Java\apache-maven-3.6.3\repository\javax\mail\mail\1.4.7\mail-1.4.7.jar;D:\Program Files (x86)\Java\apache-maven-3.6.3\repository\org\apache\commons\commons-email\1.4\commons-email-1.4.jar;D:\Program Files (x86)\Java\apache-maven-3.6.3\repository\com\sun\mail\javax.mail\1.5.2\javax.mail-1.5.2.jar;D:\Program Files (x86)\Java\apache-maven-3.6.3\repository\mysql\mysql-connector-java\8.0.30\mysql-connector-java-8.0.30.jar;D:\Program Files (x86)\Java\apache-maven-3.6.3\repository\org\springframework\boot\spring-boot-starter-test\2.7.4\spring-boot-starter-test-2.7.4.jar;D:\Program Files (x86)\Java\apache-maven-3.6.3\repository\org\springframework\boot\spring-boot-test\2.7.4\spring-boot-test-2.7.4.jar;D:\Program Files (x86)\Java\apache-maven-3.6.3\repository\org\springframework\boot\spring-boot-test-autoconfigure\2.7.4\spring-boot-test-autoconfigure-2.7.4.jar;D:\Program Files (x86)\Java\apache-maven-3.6.3\repository\com\jayway\jsonpath\json-path\2.7.0\json-path-2.7.0.jar;D:\Program Files (x86)\Java\apache-maven-3.6.3\repository\net\minidev\json-smart\2.4.8\json-smart-2.4.8.jar;D:\Program Files (x86)\Java\apache-maven-3.6.3\repository\net\minidev\accessors-smart\2.4.8\accessors-smart-2.4.8.jar;D:\Program Files (x86)\Java\apache-maven-3.6.3\repository\org\ow2\asm\asm\9.1\asm-9.1.jar;D:\Program Files (x86)\Java\apache-maven-3.6.3\repository\org\slf4j\slf4j-api\1.7.36\slf4j-api-1.7.36.jar;D:\Program Files (x86)\Java\apache-maven-3.6.3\repository\jakarta\xml\bind\jakarta.xml.bind-api\2.3.3\jakarta.xml.bind-api-2.3.3.jar;D:\Program Files (x86)\Java\apache-maven-3.6.3\repository\jakarta\activation\jakarta.activation-api\1.2.2\jakarta.activation-api-1.2.2.jar;D:\Program Files (x86)\Java\apache-maven-3.6.3\repository\org\assertj\assertj-core\3.22.0\assertj-core-3.22.0.jar;D:\Program Files (x86)\Java\apache-maven-3.6.3\repository\org\hamcrest\hamcrest\2.2\hamcrest-2.2.jar;D:\Program Files (x86)\Java\apache-maven-3.6.3\repository\org\junit\jupiter\junit-jupiter\5.8.2\junit-jupiter-5.8.2.jar;D:\Program Files (x86)\Java\apache-maven-3.6.3\repository\org\junit\jupiter\junit-jupiter-api\5.8.2\junit-jupiter-api-5.8.2.jar;D:\Program Files (x86)\Java\apache-maven-3.6.3\repository\org\opentest4j\opentest4j\1.2.0\opentest4j-1.2.0.jar;D:\Program Files (x86)\Java\apache-maven-3.6.3\repository\org\junit\platform\junit-platform-commons\1.8.2\junit-platform-commons-1.8.2.jar;D:\Program Files (x86)\Java\apache-maven-3.6.3\repository\org\apiguardian\apiguardian-api\1.1.2\apiguardian-api-1.1.2.jar;D:\Program Files (x86)\Java\apache-maven-3.6.3\repository\org\junit\jupiter\junit-jupiter-params\5.8.2\junit-jupiter-params-5.8.2.jar;D:\Program Files (x86)\Java\apache-maven-3.6.3\repository\org\junit\jupiter\junit-jupiter-engine\5.8.2\junit-jupiter-engine-5.8.2.jar;D:\Program Files (x86)\Java\apache-maven-3.6.3\repository\org\junit\platform\junit-platform-engine\1.8.2\junit-platform-engine-1.8.2.jar;D:\Program Files (x86)\Java\apache-maven-3.6.3\repository\org\mockito\mockito-core\4.5.1\mockito-core-4.5.1.jar;D:\Program Files (x86)\Java\apache-maven-3.6.3\repository\net\bytebuddy\byte-buddy\1.12.17\byte-buddy-1.12.17.jar;D:\Program Files (x86)\Java\apache-maven-3.6.3\repository\net\bytebuddy\byte-buddy-agent\1.12.17\byte-buddy-agent-1.12.17.jar;D:\Program Files (x86)\Java\apache-maven-3.6.3\repository\org\objenesis\objenesis\3.2\objenesis-3.2.jar;D:\Program Files (x86)\Java\apache-maven-3.6.3\repository\org\mockito\mockito-junit-jupiter\4.5.1\mockito-junit-jupiter-4.5.1.jar;D:\Program Files (x86)\Java\apache-maven-3.6.3\repository\org\skyscreamer\jsonassert\1.5.1\jsonassert-1.5.1.jar;D:\Program Files (x86)\Java\apache-maven-3.6.3\repository\com\vaadin\external\google\android-json\0.0.20131108.vaadin1\android-json-0.0.20131108.vaadin1.jar;D:\Program Files (x86)\Java\apache-maven-3.6.3\repository\org\springframework\spring-core\5.3.23\spring-core-5.3.23.jar;D:\Program Files (x86)\Java\apache-maven-3.6.3\repository\org\springframework\spring-jcl\5.3.23\spring-jcl-5.3.23.jar;D:\Program Files (x86)\Java\apache-maven-3.6.3\repository\org\springframework\spring-test\5.3.23\spring-test-5.3.23.jar;D:\Program Files (x86)\Java\apache-maven-3.6.3\repository\org\xmlunit\xmlunit-core\2.9.0\xmlunit-core-2.9.0.jar;D:\Program Files (x86)\Java\apache-maven-3.6.3\repository\com\alibaba\druid\1.1.16\druid-1.1.16.jar;D:\Program Files (x86)\Java\apache-maven-3.6.3\repository\com\baomidou\mybatis-plus-boot-starter\3.4.1\mybatis-plus-boot-starter-3.4.1.jar;D:\Program Files (x86)\Java\apache-maven-3.6.3\repository\com\baomidou\mybatis-plus\3.4.1\mybatis-plus-3.4.1.jar;D:\Program Files (x86)\Java\apache-maven-3.6.3\repository\com\baomidou\mybatis-plus-extension\3.4.1\mybatis-plus-extension-3.4.1.jar;D:\Program Files (x86)\Java\apache-maven-3.6.3\repository\com\baomidou\mybatis-plus-core\3.4.1\mybatis-plus-core-3.4.1.jar;D:\Program Files (x86)\Java\apache-maven-3.6.3\repository\com\baomidou\mybatis-plus-annotation\3.4.1\mybatis-plus-annotation-3.4.1.jar;D:\Program Files (x86)\Java\apache-maven-3.6.3\repository\com\github\jsqlparser\jsqlparser\3.2\jsqlparser-3.2.jar;D:\Program Files (x86)\Java\apache-maven-3.6.3\repository\org\springframework\boot\spring-boot-autoconfigure\2.7.4\spring-boot-autoconfigure-2.7.4.jar;D:\Program Files (x86)\Java\apache-maven-3.6.3\repository\org\projectlombok\lombok\1.18.24\lombok-1.18.24.jar;D:\Program Files (x86)\Java\apache-maven-3.6.3\repository\com\alibaba\fastjson\1.2.62\fastjson-1.2.62.jar;"/>
    <property name="sun.cpu.endian" value="little"/>
    <property name="user.home" value="C:\Users\Charles"/>
    <property name="user.language" value="zh"/>
    <property name="java.specification.vendor" value="Oracle Corporation"/>
    <property name="java.version.date" value="2019-01-15"/>
    <property name="java.home" value="D:\Program Files (x86)\Java\jdk-11.0.2"/>
    <property name="file.separator" value="\"/>
    <property name="basedir" value="D:\workspace\reggie"/>
    <property name="java.vm.compressedOopsMode" value="Zero based"/>
    <property name="line.separator" value="&#10;"/>
    <property name="java.specification.name" value="Java Platform API Specification"/>
    <property name="java.vm.specification.vendor" value="Oracle Corporation"/>
    <property name="java.awt.graphicsenv" value="sun.awt.Win32GraphicsEnvironment"/>
    <property name="surefire.real.class.path" value="C:\Users\Charles\AppData\Local\Temp\surefire745543214861284216\surefirebooter3265419859545944601.jar"/>
    <property name="user.script" value=""/>
    <property name="sun.management.compiler" value="HotSpot 64-Bit Tiered Compilers"/>
    <property name="java.runtime.version" value="11.0.2+9-LTS"/>
    <property name="user.name" value="Charles"/>
    <property name="path.separator" value=";"/>
    <property name="os.version" value="10.0"/>
    <property name="java.runtime.name" value="Java(TM) SE Runtime Environment"/>
    <property name="file.encoding" value="GBK"/>
    <property name="java.vm.name" value="Java HotSpot(TM) 64-Bit Server VM"/>
    <property name="java.vendor.version" value="18.9"/>
    <property name="localRepository" value="D:\Program Files (x86)\Java\apache-maven-3.6.3\repository"/>
    <property name="java.vendor.url.bug" value="http://bugreport.java.com/bugreport/"/>
    <property name="java.io.tmpdir" value="C:\Users\Charles\AppData\Local\Temp\"/>
    <property name="idea.version" value="2021.2.2"/>
    <property name="java.version" value="11.0.2"/>
    <property name="user.dir" value="D:\workspace\reggie"/>
    <property name="os.arch" value="amd64"/>
    <property name="java.vm.specification.name" value="Java Virtual Machine Specification"/>
    <property name="java.awt.printerjob" value="sun.awt.windows.WPrinterJob"/>
    <property name="sun.os.patch.level" value=""/>
    <property name="java.library.path" value="D:\Program Files (x86)\Java\jdk-11.0.2\bin;C:\WINDOWS\Sun\Java\bin;C:\WINDOWS\system32;C:\WINDOWS;D:\Program Files (x86)\Python3.9\Scripts\;D:\Program Files (x86)\Python3.9\;D:\Program Files (x86)\Java\jdk-11.0.2\bin;D:\Program Files (x86)\Java\jdk-11.0.2\jre\bin;D:\Program Files (x86)\VMware\bin\;C:\Windows\system32;C:\Windows;C:\Windows\System32\Wbem;C:\Windows\System32\WindowsPowerShell\v1.0\;C:\Windows\System32\OpenSSH\;C:\Program Files (x86)\NVIDIA Corporation\PhysX\Common;C:\Program Files\NVIDIA Corporation\NVIDIA NvDLISR;C:\WINDOWS\system32;C:\WINDOWS;C:\WINDOWS\System32\Wbem;C:\WINDOWS\System32\WindowsPowerShell\v1.0\;C:\WINDOWS\System32\OpenSSH\;D:\Program Files (x86)\Xftp 7\;D:\Program Files (x86)\Xshell 7\;D:\Program Files (x86)\Bandizip\;D:\Program Files (x86)\Java\mysql-5.7.24-winx64\bin;D:\Program Files (x86)\Java\apache-maven-3.6.3\bin;D:\Program Files\Git\cmd;D:\Program Files (x86)\Java\Node.js\;D:\SVN\bin;D:\Program Files\Process Lasso\;%USERPROFILE%\AppData\Local\Microsoft\WindowsApps;%IntelliJ IDEA%;C:\Users\Charles\AppData\Roaming\npm;D:\Program Files (x86)\Microsoft VS Code\bin;D:\Program Files\QQGame\Hall.57821\;."/>
    <property name="java.vendor" value="Oracle Corporation"/>
    <property name="java.vm.info" value="mixed mode"/>
    <property name="java.vm.version" value="11.0.2+9-LTS"/>
    <property name="sun.io.unicode.encoding" value="UnicodeLittle"/>
    <property name="java.class.version" value="55.0"/>
  </properties>
  <testcase name="contextLoads" classname="com.blog.ReggieApplicationTests" time="0.545"/>
</testsuite>